<?xml version="1.0" encoding="UTF-8"?>
<!-- Generated by org.testng.reporters.JUnitReportReporter -->
<testsuite hostname="DESKTOP-HIN4ESK" failures="0" tests="1" name="Tests.TestCase3" time="8.311" errors="0" timestamp="2024-11-24T10:50:07 IST" skipped="0">
  <testcase classname="Tests.TestCase3" name="Test3" time="8.311"/>
</testsuite> <!-- Tests.TestCase3 -->
