<?xml version="1.0" encoding="UTF-8"?>
<!-- Generated by org.testng.reporters.JUnitReportReporter -->
<testsuite hostname="DESKTOP-HIN4ESK" failures="0" tests="1" name="Tests.TestCase5" time="35.437" errors="0" timestamp="2024-11-24T10:50:07 IST" skipped="0">
  <testcase classname="Tests.TestCase5" name="Test5" time="35.437"/>
</testsuite> <!-- Tests.TestCase5 -->
