<?xml version="1.0" encoding="UTF-8"?>
<!-- Generated by org.testng.reporters.JUnitReportReporter -->
<testsuite hostname="DESKTOP-HIN4ESK" failures="0" tests="1" name="Tests.TestCase2" time="22.790" errors="0" timestamp="2024-11-24T10:50:07 IST" skipped="0">
  <testcase classname="Tests.TestCase2" name="Test2" time="22.790"/>
</testsuite> <!-- Tests.TestCase2 -->
