<?xml version="1.0" encoding="UTF-8"?>
<!-- Generated by org.testng.reporters.JUnitReportReporter -->
<testsuite hostname="DESKTOP-HIN4ESK" failures="0" tests="1" name="Tests.TestCase18" time="8.917" errors="0" timestamp="2024-11-24T11:03:43 IST" skipped="0">
  <testcase classname="Tests.TestCase18" name="Test18" time="8.917"/>
</testsuite> <!-- Tests.TestCase18 -->
