<?xml version="1.0" encoding="UTF-8"?>
<!-- Generated by org.testng.reporters.JUnitReportReporter -->
<testsuite hostname="DESKTOP-HIN4ESK" failures="0" tests="1" name="Tests.TestCase24" time="45.049" errors="0" timestamp="2024-11-24T11:03:43 IST" skipped="0">
  <testcase classname="Tests.TestCase24" name="Test24" time="45.049"/>
</testsuite> <!-- Tests.TestCase24 -->
